0 info it worked if it ends with ok
1 verbose cli [
1 verbose cli   'C:\\Program Files\\nodejs\\node.exe',
1 verbose cli   'C:\\Program Files\\nodejs\\node_modules\\npm\\bin\\npm-cli.js',
1 verbose cli   'audit'
1 verbose cli ]
2 info using npm@6.13.4
3 info using node@v12.16.1
4 verbose npm-session 058393dfd75766d2
5 verbose stack Error: Neither npm-shrinkwrap.json nor package-lock.json found: Cannot audit a project without a lockfile
5 verbose stack     at C:\Program Files\nodejs\node_modules\npm\lib\audit.js:169:19
5 verbose stack     at tryCatcher (C:\Program Files\nodejs\node_modules\npm\node_modules\bluebird\js\release\util.js:16:23)
5 verbose stack     at Promise._settlePromiseFromHandler (C:\Program Files\nodejs\node_modules\npm\node_modules\bluebird\js\release\promise.js:514:35)
5 verbose stack     at Promise._settlePromise (C:\Program Files\nodejs\node_modules\npm\node_modules\bluebird\js\release\promise.js:574:18)
5 verbose stack     at Promise._settlePromise0 (C:\Program Files\nodejs\node_modules\npm\node_modules\bluebird\js\release\promise.js:619:10)
5 verbose stack     at Promise._settlePromises (C:\Program Files\nodejs\node_modules\npm\node_modules\bluebird\js\release\promise.js:699:18)
5 verbose stack     at Promise._fulfill (C:\Program Files\nodejs\node_modules\npm\node_modules\bluebird\js\release\promise.js:643:18)
5 verbose stack     at PromiseArray._resolve (C:\Program Files\nodejs\node_modules\npm\node_modules\bluebird\js\release\promise_array.js:126:19)
5 verbose stack     at PromiseArray._promiseFulfilled (C:\Program Files\nodejs\node_modules\npm\node_modules\bluebird\js\release\promise_array.js:144:14)
5 verbose stack     at PromiseArray._iterate (C:\Program Files\nodejs\node_modules\npm\node_modules\bluebird\js\release\promise_array.js:114:31)
5 verbose stack     at PromiseArray.init [as _init] (C:\Program Files\nodejs\node_modules\npm\node_modules\bluebird\js\release\promise_array.js:78:10)
5 verbose stack     at Promise._settlePromise (C:\Program Files\nodejs\node_modules\npm\node_modules\bluebird\js\release\promise.js:571:21)
5 verbose stack     at Promise._settlePromise0 (C:\Program Files\nodejs\node_modules\npm\node_modules\bluebird\js\release\promise.js:619:10)
5 verbose stack     at Promise._settlePromises (C:\Program Files\nodejs\node_modules\npm\node_modules\bluebird\js\release\promise.js:699:18)
5 verbose stack     at Promise._fulfill (C:\Program Files\nodejs\node_modules\npm\node_modules\bluebird\js\release\promise.js:643:18)
5 verbose stack     at PromiseArray._resolve (C:\Program Files\nodejs\node_modules\npm\node_modules\bluebird\js\release\promise_array.js:126:19)
6 verbose cwd C:\Users\Master Admin\Desktop\Noteful-Server-master
7 verbose Windows_NT 10.0.18363
8 verbose argv "C:\\Program Files\\nodejs\\node.exe" "C:\\Program Files\\nodejs\\node_modules\\npm\\bin\\npm-cli.js" "audit"
9 verbose node v12.16.1
10 verbose npm  v6.13.4
11 error code EAUDITNOLOCK
12 error audit Neither npm-shrinkwrap.json nor package-lock.json found: Cannot audit a project without a lockfile
13 error audit Try creating one first with: npm i --package-lock-only
14 verbose exit [ 1, true ]
